[debug] [2021-06-09T12:27:40.741Z] ----------------------------------------------------------------------
[debug] [2021-06-09T12:27:40.744Z] Command:       C:\Program Files\nodejs\node.exe C:\Users\PC\AppData\Roaming\npm\node_modules\firebase-tools\lib\bin\firebase.js init
[debug] [2021-06-09T12:27:40.745Z] CLI Version:   9.12.1
[debug] [2021-06-09T12:27:40.745Z] Platform:      win32
[debug] [2021-06-09T12:27:40.745Z] Node Version:  v12.18.3
[debug] [2021-06-09T12:27:40.746Z] Time:          Wed Jun 09 2021 13:27:40 GMT+0100 (West Africa Standard Time)
[debug] [2021-06-09T12:27:40.747Z] ----------------------------------------------------------------------
[debug] 
[debug] [2021-06-09T12:27:40.757Z] > command requires scopes: ["email","openid","https://www.googleapis.com/auth/cloudplatformprojects.readonly","https://www.googleapis.com/auth/firebase","https://www.googleapis.com/auth/cloud-platform"]
[debug] [2021-06-09T12:27:40.758Z] > authorizing via signed-in user (eni4sports@gmail.com)
[info] 
     ######## #### ########  ######## ########     ###     ######  ########
     ##        ##  ##     ## ##       ##     ##  ##   ##  ##       ##
     ######    ##  ########  ######   ########  #########  ######  ######
     ##        ##  ##    ##  ##       ##     ## ##     ##       ## ##
     ##       #### ##     ## ######## ########  ##     ##  ######  ########

You're about to initialize a Firebase project in this directory:

  C:\Users\PC\Desktop\New Project\ballotbot

[info] 
=== Project Setup
[info] 
[info] First, let's associate this project directory with a Firebase project.
[info] You can create multiple project aliases by running firebase use --add, 
[info] but for now we'll just set up a default project.
[info] 
[debug] [2021-06-09T12:27:45.432Z] >>> [apiv2][query] GET https://firebase.googleapis.com/v1beta1/projects pageSize=100
[debug] [2021-06-09T12:27:46.032Z] <<< [apiv2][status] GET https://firebase.googleapis.com/v1beta1/projects 200
[debug] [2021-06-09T12:27:46.033Z] <<< [apiv2][body] GET https://firebase.googleapis.com/v1beta1/projects [omitted]
[info] i  Using project ballotbox-20f04 (Ballotbox) 
[info] 
=== Hosting Setup
[info] 
[info] Your public directory is the folder (relative to your project directory) that
[info] will contain Hosting assets to be uploaded with firebase deploy. If you
[info] have a build process for your assets, use your build's output directory.
[info] 
[debug] [2021-06-09T12:27:58.591Z] >>> [apiv2][query] GET https://www.gstatic.com/firebasejs/releases.json [none]
[debug] [2021-06-09T12:27:58.983Z] <<< [apiv2][status] GET https://www.gstatic.com/firebasejs/releases.json 200
[debug] [2021-06-09T12:27:58.983Z] <<< [apiv2][body] GET https://www.gstatic.com/firebasejs/releases.json {"current":{"version":"8.6.5","browserURL":"https://www.gstatic.com/firebasejs/8.6.5/firebase.js","packageURL":"https://www.gstatic.com/firebasejs/8.6.5/firebase.tgz"},"live":{"version":"8.6","browserURL":"https://www.gstatic.com/firebasejs/live/8.6/firebase.js","packageURL":"https://www.gstatic.com/firebasejs/live/8.6/firebase.tgz"},"components":{"analytics":"https://www.gstatic.com/firebasejs/8.6.5/firebase-analytics.js","app":"https://www.gstatic.com/firebasejs/8.6.5/firebase-app.js","app-check":"https://www.gstatic.com/firebasejs/8.6.5/firebase-app-check.js","auth":"https://www.gstatic.com/firebasejs/8.6.5/firebase-auth.js","database":"https://www.gstatic.com/firebasejs/8.6.5/firebase-database.js","firestore":"https://www.gstatic.com/firebasejs/8.6.5/firebase-firestore.js","functions":"https://www.gstatic.com/firebasejs/8.6.5/firebase-functions.js","installations":"https://www.gstatic.com/firebasejs/8.6.5/firebase-installations.js","messaging":"https://www.gstatic.com/firebasejs/8.6.5/firebase-messaging.js","storage":"https://www.gstatic.com/firebasejs/8.6.5/firebase-storage.js","performance":"https://www.gstatic.com/firebasejs/8.6.5/firebase-performance.js","remote-config":"https://www.gstatic.com/firebasejs/8.6.5/firebase-remote-config.js","firestore.memory":"https://www.gstatic.com/firebasejs/8.6.5/firebase-firestore.memory.js"}}
[info] i  Skipping write of build/index.html 
[info] 
[info] i  Detected a .git folder at C:\Users\PC\Desktop\New Project\ballotbot 
[info] i  Authorizing with GitHub to upload your service account to a GitHub repository's secrets store. 
[info] 
[info] Visit this URL on this device to log in:
[info] https://github.com/login/oauth/authorize?client_id=89cf50f02ac6aaed3484&state=583544169&redirect_uri=http%3A%2F%2Flocalhost%3A9005&scope=read%3Auser%20repo%20public_repo
[info] 
[info] Waiting for authentication...
[debug] [2021-06-09T12:28:32.150Z] >>> HTTP REQUEST POST https://github.com/login/oauth/access_token  
 {"client_id":"89cf50f02ac6aaed3484","client_secret":"3330d14abc895d9a74d5f17cd7a00711fa2c5bf0","code":"07ef95bc5c2416ac5689","redirect_uri":"http://localhost:9005","state":"583544169"}
[debug] [2021-06-09T12:29:14.480Z] Error: connect ETIMEDOUT 140.82.121.3:443
    at TCPConnectWrap.afterConnect [as oncomplete] (net.js:1141:16)
[error] 
[error] Error: Server Error. connect ETIMEDOUT 140.82.121.3:443
